<?xml version="1.0" encoding="UTF-8"?>
<!-- Generated by org.testng.reporters.JUnitReportReporter -->
<testsuite skipped="0" hostname="Abubakar" name="tests.PIM" tests="1" failures="0" timestamp="05 Mar 2019 13:55:09 GMT" time="51.903" errors="0">
  <testcase name="createEmployee" time="51.903" classname="tests.PIM"/>
</testsuite> <!-- tests.PIM -->
