<?xml version="1.0" encoding="UTF-8"?>
<!-- Generated by org.testng.reporters.JUnitReportReporter -->
<testsuite skipped="0" hostname="Abubakar" name="tests.PIM" tests="1" failures="0" timestamp="04 Mar 2019 17:50:16 GMT" time="47.653" errors="0">
  <testcase name="createEmployee" time="47.653" classname="tests.PIM"/>
</testsuite> <!-- tests.PIM -->
