<?xml version="1.0" encoding="UTF-8"?>
<!-- Generated by org.testng.reporters.JUnitReportReporter -->
<testsuite skipped="0" hostname="Abubakar" name="tests.PIM" tests="1" failures="0" timestamp="05 Mar 2019 11:05:08 GMT" time="52.922" errors="0">
  <testcase name="createEmployee" time="52.922" classname="tests.PIM"/>
</testsuite> <!-- tests.PIM -->
